#
# A fatal error has been detected by the Java Runtime Environment:
#
#  SIGSEGV (0xb) at pc=0x000000010e9064fb, pid=13933, tid=0x0000000000003603
#
# JRE version: OpenJDK Runtime Environment (8.0_152-b06) (build 1.8.0_152-release-1136-b06)
# Java VM: OpenJDK 64-Bit Server VM (25.152-b06 mixed mode bsd-amd64 compressed oops)
# Problematic frame:
# V  [libjvm.dylib+0x5064fb]
#
# Failed to write core dump. Core dumps have been disabled. To enable core dumping, try "ulimit -c unlimited" before starting Java again
#
# If you would like to submit a bug report, please visit:
#   http://bugreport.java.com/bugreport/crash.jsp
#

---------------  T H R E A D  ---------------

Current thread (0x00007fd608863000):  JavaThread "C2 CompilerThread1" daemon [_thread_in_vm, id=13827, stack(0x000070000a016000,0x000070000a116000)]

siginfo: si_signo: 11 (SIGSEGV), si_code: 0 (unknown), si_addr: 0x0000000000000000

Registers:
RAX=0x00000001132bb000, RBX=0x0000000000000005, RCX=0x0000000000000aaf, RDX=0x00007fd6088c931b
RSP=0x000070000a111f70, RBP=0x000070000a111fb0, RSI=0x0000000000000aaf, RDI=0x00007fd607e10800
R8 =0x00000000a132ed7e, R9 =0x000000010ec4cce0, R10=0x0000000112ea1ec8, R11=0x00007fd4f58b1960
R12=0x00207fd6086cf718, R13=0x00007fd6088c931b, R14=0x00007fd608863000, R15=0x00000000a132ed7e
RIP=0x000000010e9064fb, EFLAGS=0x0000000000010206, ERR=0x0000000000000000
  TRAPNO=0x000000000000000d

Top of Stack: (sp=0x000070000a111f70)
0x000070000a111f70:   000000010db95380 00007fd607e10800
0x000070000a111f80:   000000223c4000fb 00007fd6088c931b
0x000070000a111f90:   0000000000000aaf 0000000000000022
0x000070000a111fa0:   00007fd608863000 00000000a132ed7e
0x000070000a111fb0:   000070000a1120b0 000000010e9067aa
0x000070000a111fc0:   0000000000000000 00007fd608863000
0x000070000a111fd0:   0000000000000100 0000000000000080
0x000070000a111fe0:   00007fd60f056600 000070000a1144c0
0x000070000a111ff0:   00007fd608863000 0000000000000040
0x000070000a112000:   000070000a112030 000000010e84a39b
0x000070000a112010:   00007fd60ef23608 00007fd60876b7c0
0x000070000a112020:   00007fd60876b701 000070000a112088
0x000070000a112030:   00007fd60f056600 000070000a1144c0
0x000070000a112040:   000070000a112070 000000010e8198fb
0x000070000a112050:   00007fd60d9963c0 000070000a112088
0x000070000a112060:   00007fd60d994e10 00007fd60d995b10
0x000070000a112070:   00007fd608863000 00007fd60dad48d0
0x000070000a112080:   2b251fc83c4000fb 000070000a112120
0x000070000a112090:   0000000000000000 0000000000000000
0x000070000a1120a0:   00007fd608863000 000070000a112120
0x000070000a1120b0:   000070000a1120e0 000000010e8d6456
0x000070000a1120c0:   000070000a1120e0 000000010e8d6327
0x000070000a1120d0:   00007fd608754200 00007fd608863000
0x000070000a1120e0:   000070000a1121b0 000000010e5667d8
0x000070000a1120f0:   00000007c00a1cc8 00007fd607e27b20
0x000070000a112100:   00007fd60dad4200 00007fd60dad48d0
0x000070000a112110:   00007fd60dadc1e8 0000000000040298
0x000070000a112120:   00007fd6088c9310 0000002600000002
0x000070000a112130:   000000010000000c 00007fd60dad48d0
0x000070000a112140:   000070000a112170 000070000a1121e0
0x000070000a112150:   00007fd6087541f0 00007fd608863000
0x000070000a112160:   000070000a112188 00007fd60f070740 

Instructions: (pc=0x000000010e9064fb)
0x000000010e9064db:   c7 89 4d d4 49 89 d5 48 8b 47 08 48 63 ce 4c 8b
0x000000010e9064eb:   24 c8 4d 85 e4 74 58 48 89 7d c8 bb ff ff ff ff
0x000000010e9064fb:   45 39 3c 24 75 17 4d 8b 74 24 10 4c 89 f7 4c 89
0x000000010e90650b:   ee 8b 55 d4 e8 0c f6 ff ff 84 c0 75 37 4d 8b 64 

Register to memory mapping:

RAX=0x00000001132bb000 is an unknown value
RBX=0x0000000000000005 is an unknown value
RCX=0x0000000000000aaf is an unknown value
RDX=0x00007fd6088c931b is an unknown value
RSP=0x000070000a111f70 is pointing into the stack for thread: 0x00007fd608863000
RBP=0x000070000a111fb0 is pointing into the stack for thread: 0x00007fd608863000
RSI=0x0000000000000aaf is an unknown value
RDI=0x00007fd607e10800 is an unknown value
R8 =0x00000000a132ed7e is an unknown value
R9 =0x000000010ec4cce0: _ZN9vmSymbols8_symbolsE+0 in /Applications/Android Studio.app/Contents/jre/jdk/Contents/Home/jre/lib/server/libjvm.dylib at 0x000000010e400000
R10=0x0000000112ea1ec8 is pointing into metadata
R11=0x00007fd4f58b1960 is an unknown value
R12=0x00207fd6086cf718 is an unknown value
R13=0x00007fd6088c931b is an unknown value
R14=0x00007fd608863000 is a thread
R15=0x00000000a132ed7e is an unknown value


Stack: [0x000070000a016000,0x000070000a116000],  sp=0x000070000a111f70,  free space=1007k
Native frames: (J=compiled Java code, j=interpreted, Vv=VM code, C=native code)
V  [libjvm.dylib+0x5064fb]
V  [libjvm.dylib+0x5067aa]
V  [libjvm.dylib+0x4d6456]
V  [libjvm.dylib+0x1667d8]
V  [libjvm.dylib+0x159c43]
V  [libjvm.dylib+0x165350]
V  [libjvm.dylib+0x164b11]
V  [libjvm.dylib+0x151e13]
V  [libjvm.dylib+0x151f52]
V  [libjvm.dylib+0x168796]
V  [libjvm.dylib+0x16cc5a]
V  [libjvm.dylib+0x16d2e7]
V  [libjvm.dylib+0x16c4ad]
V  [libjvm.dylib+0x16f763]
V  [libjvm.dylib+0x16f99f]
V  [libjvm.dylib+0x16fcb4]
V  [libjvm.dylib+0x15ab7b]
V  [libjvm.dylib+0xd10b8]
V  [libjvm.dylib+0xd11e2]
V  [libjvm.dylib+0x223c79]
V  [libjvm.dylib+0x224405]
V  [libjvm.dylib+0x478a79]
V  [libjvm.dylib+0x478072]
V  [libjvm.dylib+0x476d76]
V  [libjvm.dylib+0x13d5a4]
V  [libjvm.dylib+0x224495]
V  [libjvm.dylib+0x478a79]
V  [libjvm.dylib+0x478072]
V  [libjvm.dylib+0x476d76]
V  [libjvm.dylib+0x13d5a4]
V  [libjvm.dylib+0x224495]
V  [libjvm.dylib+0x478a79]
V  [libjvm.dylib+0x478072]
V  [libjvm.dylib+0x476d76]
V  [libjvm.dylib+0x13d5a4]
V  [libjvm.dylib+0x224495]
V  [libjvm.dylib+0x478a79]
V  [libjvm.dylib+0x478072]
V  [libjvm.dylib+0x476d76]
V  [libjvm.dylib+0x13d5a4]
V  [libjvm.dylib+0x224495]
V  [libjvm.dylib+0x478a79]
V  [libjvm.dylib+0x478072]
V  [libjvm.dylib+0x476d76]
V  [libjvm.dylib+0x13d5a4]
V  [libjvm.dylib+0x224495]
V  [libjvm.dylib+0x478a79]
V  [libjvm.dylib+0x478072]
V  [libjvm.dylib+0x476d76]
V  [libjvm.dylib+0x13d5a4]
V  [libjvm.dylib+0x224495]
V  [libjvm.dylib+0x478a79]
V  [libjvm.dylib+0x478072]
V  [libjvm.dylib+0x476d76]
V  [libjvm.dylib+0x13d5a4]
V  [libjvm.dylib+0x224495]
V  [libjvm.dylib+0x478a79]
V  [libjvm.dylib+0x478072]
V  [libjvm.dylib+0x476d76]
V  [libjvm.dylib+0x13d5a4]
V  [libjvm.dylib+0x224495]
V  [libjvm.dylib+0x478a79]
V  [libjvm.dylib+0x478072]
V  [libjvm.dylib+0x476d76]
V  [libjvm.dylib+0x13d5a4]
V  [libjvm.dylib+0x19dbac]
V  [libjvm.dylib+0x13cfab]
V  [libjvm.dylib+0x1a959e]
V  [libjvm.dylib+0x1a8a93]
V  [libjvm.dylib+0x5326e8]
V  [libjvm.dylib+0x5325ad]
V  [libjvm.dylib+0x45fb89]
C  [libsystem_pthread.dylib+0x3339]  _pthread_body+0x7e
C  [libsystem_pthread.dylib+0x62a7]  _pthread_start+0x46
C  [libsystem_pthread.dylib+0x2445]  thread_start+0xd
C  0x0000000000000000


Current CompileTask:
C2:16520396 13097       4       org.gradle.api.internal.project.taskfactory.DefaultTaskClassValidatorExtractor$2::visitType (256 bytes)


---------------  P R O C E S S  ---------------

Java Threads: ( => current thread )
  0x00007fd60e034000 JavaThread "Stdin handler" [_thread_blocked, id=40711, stack(0x000070000ab37000,0x000070000ac37000)]
  0x00007fd60deea800 JavaThread "Asynchronous log dispatcher for DefaultDaemonConnection: socket connection from /127.0.0.1:57787 to /127.0.0.1:55711" [_thread_blocked, id=40967, stack(0x000070000aa34000,0x000070000ab34000)]
  0x00007fd6089f5800 JavaThread "Daemon worker Thread 4" [_thread_in_Java, id=40455, stack(0x000070000a931000,0x000070000aa31000)]
  0x00007fd60d805000 JavaThread "Cancel handler" [_thread_blocked, id=41223, stack(0x000070000a82e000,0x000070000a92e000)]
  0x00007fd6081b4800 JavaThread "Handler for socket connection from /127.0.0.1:57787 to /127.0.0.1:55711" [_thread_in_native, id=43295, stack(0x000070000a628000,0x000070000a728000)]
  0x00007fd60c8b5800 JavaThread "Daemon Thread 4" [_thread_blocked, id=5387, stack(0x000070000a525000,0x000070000a625000)]
  0x00007fd609af9800 JavaThread "File lock request listener" [_thread_in_native, id=23299, stack(0x000070000ac65000,0x000070000ad65000)]
  0x00007fd608ccc000 JavaThread "pool-1-thread-1" [_thread_blocked, id=16647, stack(0x000070000a72b000,0x000070000a82b000)]
  0x00007fd608cd6000 JavaThread "Incoming local TCP Connector on port 57787" [_thread_in_native, id=15107, stack(0x000070000a422000,0x000070000a522000)]
  0x00007fd608876800 JavaThread "Service Thread" daemon [_thread_blocked, id=14595, stack(0x000070000a21c000,0x000070000a31c000)]
  0x00007fd60886a000 JavaThread "C1 CompilerThread2" daemon [_thread_blocked, id=14083, stack(0x000070000a119000,0x000070000a219000)]
=>0x00007fd608863000 JavaThread "C2 CompilerThread1" daemon [_thread_in_vm, id=13827, stack(0x000070000a016000,0x000070000a116000)]
  0x00007fd608853800 JavaThread "C2 CompilerThread0" daemon [_thread_in_native, id=13571, stack(0x0000700009f13000,0x000070000a013000)]
  0x00007fd608862000 JavaThread "Signal Dispatcher" daemon [_thread_blocked, id=18691, stack(0x0000700009e10000,0x0000700009f10000)]
  0x00007fd60883f800 JavaThread "Finalizer" daemon [_thread_blocked, id=20227, stack(0x0000700009d0d000,0x0000700009e0d000)]
  0x00007fd60883c800 JavaThread "Reference Handler" daemon [_thread_blocked, id=20739, stack(0x0000700009c0a000,0x0000700009d0a000)]
  0x00007fd608804800 JavaThread "main" [_thread_blocked, id=6147, stack(0x00007000095f8000,0x00007000096f8000)]

Other Threads:
  0x00007fd608002800 VMThread [stack: 0x0000700009b07000,0x0000700009c07000] [id=20995]
  0x00007fd60900d000 WatcherThread [stack: 0x000070000a31f000,0x000070000a41f000] [id=14851]

VM state:not at safepoint (normal execution)

VM Mutex/Monitor currently owned by a thread: None

Heap:
 PSYoungGen      total 125952K, used 108992K [0x00000007a0000000, 0x00000007a9500000, 0x00000007c0000000)
  eden space 104448K, 90% used [0x00000007a0000000,0x00000007a5bd68f8,0x00000007a6600000)
  from space 21504K, 69% used [0x00000007a8000000,0x00000007a8e997d0,0x00000007a9500000)
  to   space 24064K, 0% used [0x00000007a6600000,0x00000007a6600000,0x00000007a7d80000)
 ParOldGen       total 144896K, used 32981K [0x0000000760000000, 0x0000000768d80000, 0x00000007a0000000)
  object space 144896K, 22% used [0x0000000760000000,0x0000000762035558,0x0000000768d80000)
 Metaspace       used 68119K, capacity 70916K, committed 71040K, reserved 1112064K
  class space    used 8671K, capacity 9289K, committed 9344K, reserved 1048576K

Card table byte_map: [0x000000010f29c000,0x000000010f59d000] byte_map_base: 0x000000010b79c000

Marking Bits: (ParMarkBitMap*) 0x000000010ec2c8f8
 Begin Bits: [0x000000010f79d000, 0x0000000110f9d000)
 End Bits:   [0x0000000110f9d000, 0x000000011279d000)

Polling page: 0x000000010dbe3000

CodeCache: size=245760Kb used=37990Kb max_used=37990Kb free=207769Kb
 bounds [0x0000000116058000, 0x00000001185a8000, 0x0000000125058000]
 total_blobs=11702 nmethods=10898 adapters=717
 compilation: enabled

Compilation events (10 events):
Event: 16520.325 Thread 0x00007fd60886a000 nmethod 13113 0x0000000118051550 code [0x00000001180516a0, 0x00000001180517b0]
Event: 16520.325 Thread 0x00007fd60886a000 13114       1       org.gradle.api.internal.artifacts.ivyservice.modulecache.DefaultModuleArtifactsCache$DefaultCachedArtifacts::getArtifacts (5 bytes)
Event: 16520.325 Thread 0x00007fd60886a000 nmethod 13114 0x0000000118051290 code [0x00000001180513e0, 0x00000001180514f0]
Event: 16520.327 Thread 0x00007fd60886a000 13115       3       org.gradle.tooling.internal.adapter.MethodInvocation::<init> (50 bytes)
Event: 16520.328 Thread 0x00007fd60886a000 nmethod 13115 0x0000000118050d90 code [0x0000000118050f00, 0x0000000118051190]
Event: 16520.329 Thread 0x00007fd60886a000 13116       3       org.jetbrains.kotlin.android.synthetic.idea.AndroidExtensionsModelBuilderService::canBuild (10 bytes)
Event: 16520.330 Thread 0x00007fd60886a000 nmethod 13116 0x0000000118050610 code [0x00000001180507a0, 0x0000000118050bd8]
Event: 16520.353 Thread 0x00007fd60886a000 13117       3       org.gradle.tooling.internal.adapter.ProtocolToModelAdapter$SupportedPropertyInvoker::invoke (154 bytes)
Event: 16520.358 Thread 0x00007fd60886a000 nmethod 13117 0x000000011804eb50 code [0x000000011804ede0, 0x000000011804ff28]
Event: 16520.358 Thread 0x00007fd60886a000 13118       3       org.gradle.tooling.internal.adapter.ProtocolToModelAdapter$SafeMethodInvoker::invoke (118 bytes)

GC Heap History (10 events):
Event: 321.774 GC heap before
{Heap before GC invocations=19 (full 3):
 PSYoungGen      total 115712K, used 104022K [0x00000007a0000000, 0x00000007a9a00000, 0x00000007c0000000)
  eden space 94720K, 100% used [0x00000007a0000000,0x00000007a5c80000,0x00000007a5c80000)
  from space 20992K, 44% used [0x00000007a5c80000,0x00000007a6595980,0x00000007a7100000)
  to   space 19968K, 0% used [0x00000007a8680000,0x00000007a8680000,0x00000007a9a00000)
 ParOldGen       total 144896K, used 32223K [0x0000000760000000, 0x0000000768d80000, 0x00000007a0000000)
  object space 144896K, 22% used [0x0000000760000000,0x0000000761f77c80,0x0000000768d80000)
 Metaspace       used 61219K, capacity 63214K, committed 63488K, reserved 1103872K
  class space    used 7954K, capacity 8385K, committed 8448K, reserved 1048576K
Event: 321.793 GC heap after
Heap after GC invocations=19 (full 3):
 PSYoungGen      total 131584K, used 11170K [0x00000007a0000000, 0x00000007a9700000, 0x00000007c0000000)
  eden space 114688K, 0% used [0x00000007a0000000,0x00000007a0000000,0x00000007a7000000)
  from space 16896K, 66% used [0x00000007a8680000,0x00000007a91688f0,0x00000007a9700000)
  to   space 19968K, 0% used [0x00000007a7000000,0x00000007a7000000,0x00000007a8380000)
 ParOldGen       total 144896K, used 32231K [0x0000000760000000, 0x0000000768d80000, 0x00000007a0000000)
  object space 144896K, 22% used [0x0000000760000000,0x0000000761f79c80,0x0000000768d80000)
 Metaspace       used 61219K, capacity 63214K, committed 63488K, reserved 1103872K
  class space    used 7954K, capacity 8385K, committed 8448K, reserved 1048576K
}
Event: 3832.127 GC heap before
{Heap before GC invocations=20 (full 3):
 PSYoungGen      total 131584K, used 125858K [0x00000007a0000000, 0x00000007a9700000, 0x00000007c0000000)
  eden space 114688K, 100% used [0x00000007a0000000,0x00000007a7000000,0x00000007a7000000)
  from space 16896K, 66% used [0x00000007a8680000,0x00000007a91688f0,0x00000007a9700000)
  to   space 19968K, 0% used [0x00000007a7000000,0x00000007a7000000,0x00000007a8380000)
 ParOldGen       total 144896K, used 32231K [0x0000000760000000, 0x0000000768d80000, 0x00000007a0000000)
  object space 144896K, 22% used [0x0000000760000000,0x0000000761f79c80,0x0000000768d80000)
 Metaspace       used 62313K, capacity 64640K, committed 64768K, reserved 1105920K
  class space    used 8064K, capacity 8581K, committed 8704K, reserved 1048576K
Event: 3832.236 GC heap after
Heap after GC invocations=20 (full 3):
 PSYoungGen      total 125440K, used 12986K [0x00000007a0000000, 0x00000007a9480000, 0x00000007c0000000)
  eden space 112128K, 0% used [0x00000007a0000000,0x00000007a0000000,0x00000007a6d80000)
  from space 13312K, 97% used [0x00000007a7000000,0x00000007a7caeb68,0x00000007a7d00000)
  to   space 19968K, 0% used [0x00000007a8100000,0x00000007a8100000,0x00000007a9480000)
 ParOldGen       total 144896K, used 32239K [0x0000000760000000, 0x0000000768d80000, 0x00000007a0000000)
  object space 144896K, 22% used [0x0000000760000000,0x0000000761f7bc80,0x0000000768d80000)
 Metaspace       used 62313K, capacity 64640K, committed 64768K, reserved 1105920K
  class space    used 8064K, capacity 8581K, committed 8704K, reserved 1048576K
}
Event: 9661.943 GC heap before
{Heap before GC invocations=21 (full 3):
 PSYoungGen      total 125440K, used 125114K [0x00000007a0000000, 0x00000007a9480000, 0x00000007c0000000)
  eden space 112128K, 100% used [0x00000007a0000000,0x00000007a6d80000,0x00000007a6d80000)
  from space 13312K, 97% used [0x00000007a7000000,0x00000007a7caeb68,0x00000007a7d00000)
  to   space 19968K, 0% used [0x00000007a8100000,0x00000007a8100000,0x00000007a9480000)
 ParOldGen       total 144896K, used 32239K [0x0000000760000000, 0x0000000768d80000, 0x00000007a0000000)
  object space 144896K, 22% used [0x0000000760000000,0x0000000761f7bc80,0x0000000768d80000)
 Metaspace       used 62912K, capacity 65326K, committed 65536K, reserved 1105920K
  class space    used 8082K, capacity 8610K, committed 8704K, reserved 1048576K
Event: 9662.021 GC heap after
Heap after GC invocations=21 (full 3):
 PSYoungGen      total 128000K, used 13871K [0x00000007a0000000, 0x00000007a9300000, 0x00000007c0000000)
  eden space 109568K, 0% used [0x00000007a0000000,0x00000007a0000000,0x00000007a6b00000)
  from space 18432K, 75% used [0x00000007a8100000,0x00000007a8e8be98,0x00000007a9300000)
  to   space 20480K, 0% used [0x00000007a6b00000,0x00000007a6b00000,0x00000007a7f00000)
 ParOldGen       total 144896K, used 32247K [0x0000000760000000, 0x0000000768d80000, 0x00000007a0000000)
  object space 144896K, 22% used [0x0000000760000000,0x0000000761f7dc80,0x0000000768d80000)
 Metaspace       used 62912K, capacity 65326K, committed 65536K, reserved 1105920K
  class space    used 8082K, capacity 8610K, committed 8704K, reserved 1048576K
}
Event: 9670.584 GC heap before
{Heap before GC invocations=22 (full 3):
 PSYoungGen      total 128000K, used 123439K [0x00000007a0000000, 0x00000007a9300000, 0x00000007c0000000)
  eden space 109568K, 100% used [0x00000007a0000000,0x00000007a6b00000,0x00000007a6b00000)
  from space 18432K, 75% used [0x00000007a8100000,0x00000007a8e8be98,0x00000007a9300000)
  to   space 20480K, 0% used [0x00000007a6b00000,0x00000007a6b00000,0x00000007a7f00000)
 ParOldGen       total 144896K, used 32247K [0x0000000760000000, 0x0000000768d80000, 0x00000007a0000000)
  object space 144896K, 22% used [0x0000000760000000,0x0000000761f7dc80,0x0000000768d80000)
 Metaspace       used 66441K, capacity 69032K, committed 69248K, reserved 1110016K
  class space    used 8483K, capacity 9075K, committed 9088K, reserved 1048576K
Event: 9670.632 GC heap after
Heap after GC invocations=22 (full 3):
 PSYoungGen      total 127488K, used 20448K [0x00000007a0000000, 0x00000007a9780000, 0x00000007c0000000)
  eden space 107008K, 0% used [0x00000007a0000000,0x00000007a0000000,0x00000007a6880000)
  from space 20480K, 99% used [0x00000007a6b00000,0x00000007a7ef8110,0x00000007a7f00000)
  to   space 24064K, 0% used [0x00000007a8000000,0x00000007a8000000,0x00000007a9780000)
 ParOldGen       total 144896K, used 32973K [0x0000000760000000, 0x0000000768d80000, 0x00000007a0000000)
  object space 144896K, 22% used [0x0000000760000000,0x0000000762033558,0x0000000768d80000)
 Metaspace       used 66441K, capacity 69032K, committed 69248K, reserved 1110016K
  class space    used 8483K, capacity 9075K, committed 9088K, reserved 1048576K
}
Event: 10592.129 GC heap before
{Heap before GC invocations=23 (full 3):
 PSYoungGen      total 127488K, used 127455K [0x00000007a0000000, 0x00000007a9780000, 0x00000007c0000000)
  eden space 107008K, 99% used [0x00000007a0000000,0x00000007a687fe88,0x00000007a6880000)
  from space 20480K, 99% used [0x00000007a6b00000,0x00000007a7ef8110,0x00000007a7f00000)
  to   space 24064K, 0% used [0x00000007a8000000,0x00000007a8000000,0x00000007a9780000)
 ParOldGen       total 144896K, used 32973K [0x0000000760000000, 0x0000000768d80000, 0x00000007a0000000)
  object space 144896K, 22% used [0x0000000760000000,0x0000000762033558,0x0000000768d80000)
 Metaspace       used 67887K, capacity 70548K, committed 70784K, reserved 1110016K
  class space    used 8655K, capacity 9261K, committed 9344K, reserved 1048576K
Event: 10592.243 GC heap after
Heap after GC invocations=23 (full 3):
 PSYoungGen      total 125952K, used 14949K [0x00000007a0000000, 0x00000007a9500000, 0x00000007c0000000)
  eden space 104448K, 0% used [0x00000007a0000000,0x00000007a0000000,0x00000007a6600000)
  from space 21504K, 69% used [0x00000007a8000000,0x00000007a8e997d0,0x00000007a9500000)
  to   space 24064K, 0% used [0x00000007a6600000,0x00000007a6600000,0x00000007a7d80000)
 ParOldGen       total 144896K, used 32981K [0x0000000760000000, 0x0000000768d80000, 0x00000007a0000000)
  object space 144896K, 22% used [0x0000000760000000,0x0000000762035558,0x0000000768d80000)
 Metaspace       used 67887K, capacity 70548K, committed 70784K, reserved 1110016K
  class space    used 8655K, capacity 9261K, committed 9344K, reserved 1048576K
}

Deoptimization events (10 events):
Event: 16519.779 Thread 0x00007fd6089f5800 Uncommon trap: reason=unstable_if action=reinterpret pc=0x0000000116d64120 method=java.util.regex.Pattern$BitClass.isSatisfiedBy(I)Z @ 4
Event: 16519.779 Thread 0x00007fd6089f5800 Uncommon trap: reason=unstable_if action=reinterpret pc=0x00000001167abb10 method=java.util.regex.Pattern$Ctype.isSatisfiedBy(I)Z @ 4
Event: 16519.806 Thread 0x00007fd6089f5800 Uncommon trap: reason=class_check action=maybe_recompile pc=0x00000001183ec404 method=com.google.common.collect.AbstractMapBasedMultimap$WrappedCollection.refreshIfEmpty()V @ 40
Event: 16519.807 Thread 0x00007fd6089f5800 Uncommon trap: reason=class_check action=maybe_recompile pc=0x00000001183ec404 method=com.google.common.collect.AbstractMapBasedMultimap$WrappedCollection.refreshIfEmpty()V @ 40
Event: 16519.809 Thread 0x00007fd6089f5800 Uncommon trap: reason=class_check action=maybe_recompile pc=0x00000001183ec404 method=com.google.common.collect.AbstractMapBasedMultimap$WrappedCollection.refreshIfEmpty()V @ 40
Event: 16519.821 Thread 0x00007fd6089f5800 Uncommon trap: reason=class_check action=maybe_recompile pc=0x00000001183ec404 method=com.google.common.collect.AbstractMapBasedMultimap$WrappedCollection.refreshIfEmpty()V @ 40
Event: 16520.110 Thread 0x00007fd6089f5800 Uncommon trap: reason=class_check action=maybe_recompile pc=0x00000001164c0504 method=org.gradle.api.internal.project.taskfactory.DefaultTaskClassValidatorExtractor$DefaultTaskPropertyActionContext.getAnnotation(Ljava/lang/Class;)Ljava/lang/annotation/Ann
Event: 16520.113 Thread 0x00007fd6089f5800 Uncommon trap: reason=class_check action=maybe_recompile pc=0x00000001164c0504 method=org.gradle.api.internal.project.taskfactory.DefaultTaskClassValidatorExtractor$DefaultTaskPropertyActionContext.getAnnotation(Ljava/lang/Class;)Ljava/lang/annotation/Ann
Event: 16520.114 Thread 0x00007fd6089f5800 Uncommon trap: reason=class_check action=maybe_recompile pc=0x00000001164c0504 method=org.gradle.api.internal.project.taskfactory.DefaultTaskClassValidatorExtractor$DefaultTaskPropertyActionContext.getAnnotation(Ljava/lang/Class;)Ljava/lang/annotation/Ann
Event: 16520.114 Thread 0x00007fd6089f5800 Uncommon trap: reason=class_check action=maybe_recompile pc=0x00000001164c0504 method=org.gradle.api.internal.project.taskfactory.DefaultTaskClassValidatorExtractor$DefaultTaskPropertyActionContext.getAnnotation(Ljava/lang/Class;)Ljava/lang/annotation/Ann

Classes redefined (0 events):
No events

Internal exceptions (10 events):
Event: 16519.479 Thread 0x00007fd6089f5800 Exception <a 'sun/nio/fs/UnixException'> (0x00000007a35d3368) thrown at [/Volumes/android/AOSP-openjdk-git/jdk8u/hotspot/src/share/vm/prims/jni.cpp, line 709]
Event: 16519.479 Thread 0x00007fd6089f5800 Exception <a 'sun/nio/fs/UnixException'> (0x00000007a35d4808) thrown at [/Volumes/android/AOSP-openjdk-git/jdk8u/hotspot/src/share/vm/prims/jni.cpp, line 709]
Event: 16519.480 Thread 0x00007fd6089f5800 Exception <a 'sun/nio/fs/UnixException'> (0x00000007a35d6730) thrown at [/Volumes/android/AOSP-openjdk-git/jdk8u/hotspot/src/share/vm/prims/jni.cpp, line 709]
Event: 16519.480 Thread 0x00007fd6089f5800 Exception <a 'sun/nio/fs/UnixException'> (0x00000007a35d7cb8) thrown at [/Volumes/android/AOSP-openjdk-git/jdk8u/hotspot/src/share/vm/prims/jni.cpp, line 709]
Event: 16519.480 Thread 0x00007fd6089f5800 Exception <a 'sun/nio/fs/UnixException'> (0x00000007a35da000) thrown at [/Volumes/android/AOSP-openjdk-git/jdk8u/hotspot/src/share/vm/prims/jni.cpp, line 709]
Event: 16519.480 Thread 0x00007fd6089f5800 Exception <a 'sun/nio/fs/UnixException'> (0x00000007a35db600) thrown at [/Volumes/android/AOSP-openjdk-git/jdk8u/hotspot/src/share/vm/prims/jni.cpp, line 709]
Event: 16519.480 Thread 0x00007fd6089f5800 Exception <a 'sun/nio/fs/UnixException'> (0x00000007a35df668) thrown at [/Volumes/android/AOSP-openjdk-git/jdk8u/hotspot/src/share/vm/prims/jni.cpp, line 709]
Event: 16519.480 Thread 0x00007fd6089f5800 Exception <a 'sun/nio/fs/UnixException'> (0x00000007a35e0c38) thrown at [/Volumes/android/AOSP-openjdk-git/jdk8u/hotspot/src/share/vm/prims/jni.cpp, line 709]
Event: 16519.482 Thread 0x00007fd6089f5800 Exception <a 'sun/nio/fs/UnixException'> (0x00000007a35e4858) thrown at [/Volumes/android/AOSP-openjdk-git/jdk8u/hotspot/src/share/vm/prims/jni.cpp, line 709]
Event: 16519.482 Thread 0x00007fd6089f5800 Exception <a 'sun/nio/fs/UnixException'> (0x00000007a35e5c08) thrown at [/Volumes/android/AOSP-openjdk-git/jdk8u/hotspot/src/share/vm/prims/jni.cpp, line 709]

Events (10 events):
Event: 16520.110 Thread 0x00007fd6089f5800 DEOPT UNPACKING pc=0x000000011609d47a sp=0x000070000aa2d8b8 mode 2
Event: 16520.113 Thread 0x00007fd6089f5800 Uncommon trap: trap_request=0xffffffde fr.pc=0x00000001164c0504
Event: 16520.113 Thread 0x00007fd6089f5800 DEOPT PACKING pc=0x00000001164c0504 sp=0x000070000aa2d8b0
Event: 16520.113 Thread 0x00007fd6089f5800 DEOPT UNPACKING pc=0x000000011609d47a sp=0x000070000aa2d878 mode 2
Event: 16520.114 Thread 0x00007fd6089f5800 Uncommon trap: trap_request=0xffffffde fr.pc=0x00000001164c0504
Event: 16520.114 Thread 0x00007fd6089f5800 DEOPT PACKING pc=0x00000001164c0504 sp=0x000070000aa2d8b0
Event: 16520.114 Thread 0x00007fd6089f5800 DEOPT UNPACKING pc=0x000000011609d47a sp=0x000070000aa2d878 mode 2
Event: 16520.114 Thread 0x00007fd6089f5800 Uncommon trap: trap_request=0xffffffde fr.pc=0x00000001164c0504
Event: 16520.114 Thread 0x00007fd6089f5800 DEOPT PACKING pc=0x00000001164c0504 sp=0x000070000aa2d8b0
Event: 16520.114 Thread 0x00007fd6089f5800 DEOPT UNPACKING pc=0x000000011609d47a sp=0x000070000aa2d878 mode 2


Dynamic libraries:
0x000000002116c000 	/System/Library/Frameworks/Cocoa.framework/Versions/A/Cocoa
0x000000002116c000 	/System/Library/Frameworks/Security.framework/Versions/A/Security
0x000000002116c000 	/System/Library/Frameworks/ApplicationServices.framework/Versions/A/ApplicationServices
0x000000002116c000 	/usr/lib/libz.1.dylib
0x000000002116c000 	/usr/lib/libSystem.B.dylib
0x000000002116c000 	/System/Library/Frameworks/CoreFoundation.framework/Versions/A/CoreFoundation
0x000000002116c000 	/System/Library/Frameworks/Foundation.framework/Versions/C/Foundation
0x000000002116c000 	/usr/lib/libobjc.A.dylib
0x000000002116c000 	/System/Library/Frameworks/AppKit.framework/Versions/C/AppKit
0x000000002116c000 	/System/Library/Frameworks/CoreData.framework/Versions/A/CoreData
0x000000002116c000 	/System/Library/PrivateFrameworks/RemoteViewServices.framework/Versions/A/RemoteViewServices
0x000000002116c000 	/System/Library/PrivateFrameworks/UIFoundation.framework/Versions/A/UIFoundation
0x000000002116c000 	/System/Library/PrivateFrameworks/XCTTargetBootstrap.framework/Versions/A/XCTTargetBootstrap
0x000000002116c000 	/System/Library/PrivateFrameworks/IconServices.framework/Versions/A/IconServices
0x000000002116c000 	/System/Library/Frameworks/Metal.framework/Versions/A/Metal
0x000000002116c000 	/System/Library/PrivateFrameworks/DesktopServicesPriv.framework/Versions/A/DesktopServicesPriv
0x000000002116c000 	/usr/lib/libenergytrace.dylib
0x000000002116c000 	/System/Library/PrivateFrameworks/SkyLight.framework/Versions/A/SkyLight
0x000000002116c000 	/System/Library/Frameworks/CoreGraphics.framework/Versions/A/CoreGraphics
0x000000002116c000 	/System/Library/Frameworks/Accelerate.framework/Versions/A/Accelerate
0x000000002116c000 	/System/Library/Frameworks/IOSurface.framework/Versions/A/IOSurface
0x000000002116c000 	/System/Library/PrivateFrameworks/DFRFoundation.framework/Versions/A/DFRFoundation
0x000000002116c000 	/System/Library/Frameworks/AudioToolbox.framework/Versions/A/AudioToolbox
0x000000002116c000 	/System/Library/Frameworks/AudioUnit.framework/Versions/A/AudioUnit
0x000000002116c000 	/System/Library/PrivateFrameworks/DataDetectorsCore.framework/Versions/A/DataDetectorsCore
0x000000002116c000 	/System/Library/Frameworks/Carbon.framework/Versions/A/Frameworks/HIToolbox.framework/Versions/A/HIToolbox
0x000000002116c000 	/usr/lib/libicucore.A.dylib
0x000000002116c000 	/System/Library/Frameworks/QuartzCore.framework/Versions/A/QuartzCore
0x000000002116c000 	/System/Library/Frameworks/Carbon.framework/Versions/A/Frameworks/SpeechRecognition.framework/Versions/A/SpeechRecognition
0x000000002116c000 	/usr/lib/libauto.dylib
0x000000002116c000 	/usr/lib/libxml2.2.dylib
0x000000002116c000 	/System/Library/PrivateFrameworks/CoreUI.framework/Versions/A/CoreUI
0x000000002116c000 	/System/Library/Frameworks/CoreAudio.framework/Versions/A/CoreAudio
0x000000002116c000 	/System/Library/Frameworks/DiskArbitration.framework/Versions/A/DiskArbitration
0x000000002116c000 	/usr/lib/liblangid.dylib
0x000000002116c000 	/System/Library/PrivateFrameworks/MultitouchSupport.framework/Versions/A/MultitouchSupport
0x000000002116c000 	/System/Library/Frameworks/IOKit.framework/Versions/A/IOKit
0x000000002116c000 	/usr/lib/libDiagnosticMessagesClient.dylib
0x000000002116c000 	/System/Library/Frameworks/CoreServices.framework/Versions/A/CoreServices
0x000000002116c000 	/System/Library/PrivateFrameworks/PerformanceAnalysis.framework/Versions/A/PerformanceAnalysis
0x000000002116c000 	/System/Library/Frameworks/OpenGL.framework/Versions/A/OpenGL
0x000000002116c000 	/System/Library/Frameworks/ColorSync.framework/Versions/A/ColorSync
0x000000002116c000 	/System/Library/Frameworks/CoreImage.framework/Versions/A/CoreImage
0x000000002116c000 	/System/Library/Frameworks/CoreText.framework/Versions/A/CoreText
0x000000002116c000 	/System/Library/Frameworks/ImageIO.framework/Versions/A/ImageIO
0x000000002116c000 	/System/Library/PrivateFrameworks/Backup.framework/Versions/A/Backup
0x000000002116c000 	/usr/lib/libarchive.2.dylib
0x000000002116c000 	/System/Library/Frameworks/CFNetwork.framework/Versions/A/CFNetwork
0x000000002116c000 	/System/Library/Frameworks/SystemConfiguration.framework/Versions/A/SystemConfiguration
0x000000002116c000 	/usr/lib/libCRFSuite.dylib
0x000000002116c000 	/usr/lib/libc++.1.dylib
0x000000002116c000 	/usr/lib/libc++abi.dylib
0x000000002116c000 	/usr/lib/system/libcache.dylib
0x000000002116c000 	/usr/lib/system/libcommonCrypto.dylib
0x000000002116c000 	/usr/lib/system/libcompiler_rt.dylib
0x000000002116c000 	/usr/lib/system/libcopyfile.dylib
0x000000002116c000 	/usr/lib/system/libcorecrypto.dylib
0x000000002116c000 	/usr/lib/system/libdispatch.dylib
0x000000002116c000 	/usr/lib/system/libdyld.dylib
0x000000002116c000 	/usr/lib/system/libkeymgr.dylib
0x000000002116c000 	/usr/lib/system/liblaunch.dylib
0x000000002116c000 	/usr/lib/system/libmacho.dylib
0x000000002116c000 	/usr/lib/system/libquarantine.dylib
0x000000002116c000 	/usr/lib/system/libremovefile.dylib
0x000000002116c000 	/usr/lib/system/libsystem_asl.dylib
0x000000002116c000 	/usr/lib/system/libsystem_blocks.dylib
0x000000002116c000 	/usr/lib/system/libsystem_c.dylib
0x000000002116c000 	/usr/lib/system/libsystem_configuration.dylib
0x000000002116c000 	/usr/lib/system/libsystem_coreservices.dylib
0x000000002116c000 	/usr/lib/system/libsystem_darwin.dylib
0x000000002116c000 	/usr/lib/system/libsystem_dnssd.dylib
0x000000002116c000 	/usr/lib/system/libsystem_info.dylib
0x000000002116c000 	/usr/lib/system/libsystem_m.dylib
0x000000002116c000 	/usr/lib/system/libsystem_malloc.dylib
0x000000002116c000 	/usr/lib/system/libsystem_networkextension.dylib
0x000000002116c000 	/usr/lib/system/libsystem_notify.dylib
0x000000002116c000 	/usr/lib/system/libsystem_sandbox.dylib
0x000000002116c000 	/usr/lib/system/libsystem_secinit.dylib
0x000000002116c000 	/usr/lib/system/libsystem_kernel.dylib
0x000000002116c000 	/usr/lib/system/libsystem_platform.dylib
0x000000002116c000 	/usr/lib/system/libsystem_pthread.dylib
0x000000002116c000 	/usr/lib/system/libsystem_symptoms.dylib
0x000000002116c000 	/usr/lib/system/libsystem_trace.dylib
0x000000002116c000 	/usr/lib/system/libunwind.dylib
0x000000002116c000 	/usr/lib/system/libxpc.dylib
0x000000002116c000 	/usr/lib/libbsm.0.dylib
0x000000002116c000 	/usr/lib/system/libkxld.dylib
0x000000002116c000 	/System/Library/PrivateFrameworks/AppleFSCompression.framework/Versions/A/AppleFSCompression
0x000000002116c000 	/usr/lib/libOpenScriptingUtil.dylib
0x000000002116c000 	/usr/lib/libcoretls.dylib
0x000000002116c000 	/usr/lib/libcoretls_cfhelpers.dylib
0x000000002116c000 	/usr/lib/libpam.2.dylib
0x000000002116c000 	/usr/lib/libsqlite3.dylib
0x000000002116c000 	/usr/lib/libxar.1.dylib
0x000000002116c000 	/usr/lib/libbz2.1.0.dylib
0x000000002116c000 	/usr/lib/liblzma.5.dylib
0x000000002116c000 	/usr/lib/libnetwork.dylib
0x000000002116c000 	/usr/lib/libapple_nghttp2.dylib
0x000000002116c000 	/usr/lib/libpcap.A.dylib
0x000000002116c000 	/System/Library/Frameworks/CoreServices.framework/Versions/A/Frameworks/FSEvents.framework/Versions/A/FSEvents
0x000000002116c000 	/System/Library/Frameworks/CoreServices.framework/Versions/A/Frameworks/CarbonCore.framework/Versions/A/CarbonCore
0x000000002116c000 	/System/Library/Frameworks/CoreServices.framework/Versions/A/Frameworks/Metadata.framework/Versions/A/Metadata
0x000000002116c000 	/System/Library/Frameworks/CoreServices.framework/Versions/A/Frameworks/OSServices.framework/Versions/A/OSServices
0x000000002116c000 	/System/Library/Frameworks/CoreServices.framework/Versions/A/Frameworks/SearchKit.framework/Versions/A/SearchKit
0x000000002116c000 	/System/Library/Frameworks/CoreServices.framework/Versions/A/Frameworks/AE.framework/Versions/A/AE
0x000000002116c000 	/System/Library/Frameworks/CoreServices.framework/Versions/A/Frameworks/LaunchServices.framework/Versions/A/LaunchServices
0x000000002116c000 	/System/Library/Frameworks/CoreServices.framework/Versions/A/Frameworks/DictionaryServices.framework/Versions/A/DictionaryServices
0x000000002116c000 	/System/Library/Frameworks/CoreServices.framework/Versions/A/Frameworks/SharedFileList.framework/Versions/A/SharedFileList
0x000000002116c000 	/System/Library/Frameworks/NetFS.framework/Versions/A/NetFS
0x000000002116c000 	/System/Library/PrivateFrameworks/NetAuth.framework/Versions/A/NetAuth
0x000000002116c000 	/System/Library/PrivateFrameworks/login.framework/Versions/A/Frameworks/loginsupport.framework/Versions/A/loginsupport
0x000000002116c000 	/System/Library/PrivateFrameworks/TCC.framework/Versions/A/TCC
0x000000002116c000 	/System/Library/PrivateFrameworks/CoreNLP.framework/Versions/A/CoreNLP
0x000000002116c000 	/System/Library/PrivateFrameworks/MetadataUtilities.framework/Versions/A/MetadataUtilities
0x000000002116c000 	/usr/lib/libmecabra.dylib
0x000000002116c000 	/System/Library/Frameworks/ApplicationServices.framework/Versions/A/Frameworks/ATS.framework/Versions/A/ATS
0x000000002116c000 	/System/Library/Frameworks/ApplicationServices.framework/Versions/A/Frameworks/ColorSyncLegacy.framework/Versions/A/ColorSyncLegacy
0x000000002116c000 	/System/Library/Frameworks/ApplicationServices.framework/Versions/A/Frameworks/HIServices.framework/Versions/A/HIServices
0x000000002116c000 	/System/Library/Frameworks/ApplicationServices.framework/Versions/A/Frameworks/LangAnalysis.framework/Versions/A/LangAnalysis
0x000000002116c000 	/System/Library/Frameworks/ApplicationServices.framework/Versions/A/Frameworks/PrintCore.framework/Versions/A/PrintCore
0x000000002116c000 	/System/Library/Frameworks/ApplicationServices.framework/Versions/A/Frameworks/QD.framework/Versions/A/QD
0x000000002116c000 	/System/Library/Frameworks/ApplicationServices.framework/Versions/A/Frameworks/SpeechSynthesis.framework/Versions/A/SpeechSynthesis
0x000000002116c000 	/usr/lib/libcompression.dylib
0x000000002116c000 	/System/Library/Frameworks/CoreDisplay.framework/Versions/A/CoreDisplay
0x000000002116c000 	/System/Library/Frameworks/MetalPerformanceShaders.framework/Versions/A/MetalPerformanceShaders
0x000000002116c000 	/System/Library/Frameworks/Accelerate.framework/Versions/A/Frameworks/vImage.framework/Versions/A/vImage
0x000000002116c000 	/System/Library/Frameworks/Accelerate.framework/Versions/A/Frameworks/vecLib.framework/Versions/A/vecLib
0x000000002116c000 	/System/Library/Frameworks/Accelerate.framework/Versions/A/Frameworks/vecLib.framework/Versions/A/libvMisc.dylib
0x000000002116c000 	/System/Library/Frameworks/Accelerate.framework/Versions/A/Frameworks/vecLib.framework/Versions/A/libvDSP.dylib
0x000000002116c000 	/System/Library/Frameworks/Accelerate.framework/Versions/A/Frameworks/vecLib.framework/Versions/A/libBLAS.dylib
0x000000002116c000 	/System/Library/Frameworks/Accelerate.framework/Versions/A/Frameworks/vecLib.framework/Versions/A/libLAPACK.dylib
0x000000002116c000 	/System/Library/Frameworks/Accelerate.framework/Versions/A/Frameworks/vecLib.framework/Versions/A/libLinearAlgebra.dylib
0x000000002116c000 	/System/Library/Frameworks/Accelerate.framework/Versions/A/Frameworks/vecLib.framework/Versions/A/libSparseBLAS.dylib
0x000000002116c000 	/System/Library/Frameworks/Accelerate.framework/Versions/A/Frameworks/vecLib.framework/Versions/A/libQuadrature.dylib
0x000000002116c000 	/System/Library/Frameworks/Accelerate.framework/Versions/A/Frameworks/vecLib.framework/Versions/A/libBNNS.dylib
0x000000002116c000 	/System/Library/Frameworks/Accelerate.framework/Versions/A/Frameworks/vecLib.framework/Versions/A/libSparse.dylib
0x000000002116c000 	/System/Library/PrivateFrameworks/GPUWrangler.framework/Versions/A/GPUWrangler
0x000000002116c000 	/System/Library/PrivateFrameworks/IOAccelerator.framework/Versions/A/IOAccelerator
0x000000002116c000 	/System/Library/PrivateFrameworks/IOPresentment.framework/Versions/A/IOPresentment
0x000000002116c000 	/System/Library/PrivateFrameworks/DSExternalDisplay.framework/Versions/A/DSExternalDisplay
0x000000002116c000 	/System/Library/Frameworks/OpenGL.framework/Versions/A/Libraries/libCoreFSCache.dylib
0x000000002116c000 	/System/Library/Frameworks/MetalPerformanceShaders.framework/Frameworks/MPSCore.framework/Versions/A/MPSCore
0x000000002116c000 	/System/Library/Frameworks/MetalPerformanceShaders.framework/Frameworks/MPSImage.framework/Versions/A/MPSImage
0x000000002116c000 	/System/Library/Frameworks/MetalPerformanceShaders.framework/Frameworks/MPSNeuralNetwork.framework/Versions/A/MPSNeuralNetwork
0x000000002116c000 	/System/Library/Frameworks/MetalPerformanceShaders.framework/Frameworks/MPSMatrix.framework/Versions/A/MPSMatrix
0x000000002116c000 	/System/Library/Frameworks/MetalPerformanceShaders.framework/Frameworks/MPSRayIntersector.framework/Versions/A/MPSRayIntersector
0x000000002116c000 	/System/Library/PrivateFrameworks/MetalTools.framework/Versions/A/MetalTools
0x000000002116c000 	/System/Library/PrivateFrameworks/AggregateDictionary.framework/Versions/A/AggregateDictionary
0x000000002116c000 	/usr/lib/libMobileGestalt.dylib
0x000000002116c000 	/System/Library/Frameworks/CoreVideo.framework/Versions/A/CoreVideo
0x000000002116c000 	/System/Library/PrivateFrameworks/GraphVisualizer.framework/Versions/A/GraphVisualizer
0x000000002116c000 	/System/Library/PrivateFrameworks/FaceCore.framework/Versions/A/FaceCore
0x000000002116c000 	/System/Library/Frameworks/OpenCL.framework/Versions/A/OpenCL
0x000000002116c000 	/usr/lib/libFosl_dynamic.dylib
0x000000002116c000 	/System/Library/PrivateFrameworks/OTSVG.framework/Versions/A/OTSVG
0x000000002116c000 	/System/Library/Frameworks/ApplicationServices.framework/Versions/A/Frameworks/ATS.framework/Versions/A/Resources/libFontParser.dylib
0x000000002116c000 	/System/Library/Frameworks/ApplicationServices.framework/Versions/A/Frameworks/ATS.framework/Versions/A/Resources/libFontRegistry.dylib
0x000000002116c000 	/System/Library/Frameworks/ImageIO.framework/Versions/A/Resources/libJPEG.dylib
0x000000002116c000 	/System/Library/Frameworks/ImageIO.framework/Versions/A/Resources/libTIFF.dylib
0x000000002116c000 	/System/Library/Frameworks/ImageIO.framework/Versions/A/Resources/libPng.dylib
0x000000002116c000 	/System/Library/Frameworks/ImageIO.framework/Versions/A/Resources/libGIF.dylib
0x000000002116c000 	/System/Library/Frameworks/ImageIO.framework/Versions/A/Resources/libJP2.dylib
0x000000002116c000 	/System/Library/Frameworks/ImageIO.framework/Versions/A/Resources/libRadiance.dylib
0x000000002116c000 	/System/Library/PrivateFrameworks/AppleJPEG.framework/Versions/A/AppleJPEG
0x000000002116c000 	/System/Library/Frameworks/OpenGL.framework/Versions/A/Libraries/libGFXShared.dylib
0x000000002116c000 	/System/Library/Frameworks/OpenGL.framework/Versions/A/Libraries/libGLU.dylib
0x000000002116c000 	/System/Library/Frameworks/OpenGL.framework/Versions/A/Libraries/libGL.dylib
0x000000002116c000 	/System/Library/Frameworks/OpenGL.framework/Versions/A/Libraries/libGLImage.dylib
0x000000002116c000 	/System/Library/Frameworks/OpenGL.framework/Versions/A/Libraries/libCVMSPluginSupport.dylib
0x000000002116c000 	/System/Library/Frameworks/OpenGL.framework/Versions/A/Libraries/libCoreVMClient.dylib
0x000000002116c000 	/usr/lib/libcups.2.dylib
0x000000002116c000 	/System/Library/Frameworks/Kerberos.framework/Versions/A/Kerberos
0x000000002116c000 	/System/Library/Frameworks/GSS.framework/Versions/A/GSS
0x000000002116c000 	/usr/lib/libresolv.9.dylib
0x000000002116c000 	/usr/lib/libiconv.2.dylib
0x000000002116c000 	/System/Library/PrivateFrameworks/Heimdal.framework/Versions/A/Heimdal
0x000000002116c000 	/usr/lib/libheimdal-asn1.dylib
0x000000002116c000 	/System/Library/Frameworks/OpenDirectory.framework/Versions/A/OpenDirectory
0x000000002116c000 	/System/Library/PrivateFrameworks/CommonAuth.framework/Versions/A/CommonAuth
0x000000002116c000 	/System/Library/Frameworks/OpenDirectory.framework/Versions/A/Frameworks/CFOpenDirectory.framework/Versions/A/CFOpenDirectory
0x000000002116c000 	/System/Library/Frameworks/SecurityFoundation.framework/Versions/A/SecurityFoundation
0x000000002116c000 	/System/Library/PrivateFrameworks/APFS.framework/Versions/A/APFS
0x000000002116c000 	/usr/lib/libutil.dylib
0x000000002116c000 	/usr/lib/libcharset.1.dylib
0x000000002116c000 	/System/Library/PrivateFrameworks/AppleSauce.framework/Versions/A/AppleSauce
0x000000002116c000 	/System/Library/PrivateFrameworks/AssertionServices.framework/Versions/A/AssertionServices
0x000000002116c000 	/System/Library/PrivateFrameworks/BaseBoard.framework/Versions/A/BaseBoard
0x000000002116c000 	/usr/lib/libmecab.1.0.0.dylib
0x000000002116c000 	/usr/lib/libgermantok.dylib
0x000000002116c000 	/usr/lib/libThaiTokenizer.dylib
0x000000002116c000 	/usr/lib/libChineseTokenizer.dylib
0x000000002116c000 	/System/Library/PrivateFrameworks/LanguageModeling.framework/Versions/A/LanguageModeling
0x000000002116c000 	/System/Library/PrivateFrameworks/CoreEmoji.framework/Versions/A/CoreEmoji
0x000000002116c000 	/System/Library/PrivateFrameworks/Lexicon.framework/Versions/A/Lexicon
0x000000002116c000 	/System/Library/PrivateFrameworks/LinguisticData.framework/Versions/A/LinguisticData
0x000000002116c000 	/usr/lib/libcmph.dylib
0x000000002116c000 	/System/Library/Frameworks/ServiceManagement.framework/Versions/A/ServiceManagement
0x000000002116c000 	/System/Library/PrivateFrameworks/BackgroundTaskManagement.framework/Versions/A/BackgroundTaskManagement
0x000000002116c000 	/usr/lib/libxslt.1.dylib
0x000000002116c000 	/System/Library/Frameworks/Carbon.framework/Versions/A/Frameworks/Ink.framework/Versions/A/Ink
0x000000002116c000 	/System/Library/PrivateFrameworks/TextureIO.framework/Versions/A/TextureIO
0x000000002116c000 	/usr/lib/libate.dylib
0x000000002116c000 	/System/Library/PrivateFrameworks/CrashReporterSupport.framework/Versions/A/CrashReporterSupport
0x000000002116c000 	/System/Library/PrivateFrameworks/Sharing.framework/Versions/A/Sharing
0x000000002116c000 	/System/Library/PrivateFrameworks/AuthKit.framework/Versions/A/AuthKit
0x000000002116c000 	/System/Library/PrivateFrameworks/Apple80211.framework/Versions/A/Apple80211
0x000000002116c000 	/System/Library/PrivateFrameworks/CoreUtils.framework/Versions/A/CoreUtils
0x000000002116c000 	/System/Library/Frameworks/CoreWLAN.framework/Versions/A/CoreWLAN
0x000000002116c000 	/System/Library/Frameworks/IOBluetooth.framework/Versions/A/IOBluetooth
0x000000002116c000 	/System/Library/PrivateFrameworks/ProtocolBuffer.framework/Versions/A/ProtocolBuffer
0x000000002116c000 	/System/Library/PrivateFrameworks/MobileKeyBag.framework/Versions/A/MobileKeyBag
0x000000002116c000 	/System/Library/PrivateFrameworks/CorePhoneNumbers.framework/Versions/A/CorePhoneNumbers
0x000000002116c000 	/System/Library/PrivateFrameworks/AppleIDAuthSupport.framework/Versions/A/AppleIDAuthSupport
0x000000002116c000 	/System/Library/PrivateFrameworks/KeychainCircle.framework/Versions/A/KeychainCircle
0x000000002116c000 	/System/Library/PrivateFrameworks/ROCKit.framework/Versions/A/ROCKit
0x000000002116c000 	/System/Library/PrivateFrameworks/CoreWiFi.framework/Versions/A/CoreWiFi
0x000000002116c000 	/System/Library/Frameworks/CoreBluetooth.framework/Versions/A/CoreBluetooth
0x000000002116c000 	/System/Library/PrivateFrameworks/DebugSymbols.framework/Versions/A/DebugSymbols
0x000000002116c000 	/System/Library/PrivateFrameworks/CoreSymbolication.framework/Versions/A/CoreSymbolication
0x000000002116c000 	/System/Library/PrivateFrameworks/Symbolication.framework/Versions/A/Symbolication
0x000000002116c000 	/System/Library/PrivateFrameworks/SpeechRecognitionCore.framework/Versions/A/SpeechRecognitionCore
0x000000010e400000 	/Applications/Android Studio.app/Contents/jre/jdk/Contents/Home/jre/lib/server/libjvm.dylib
0x000000002116c000 	/usr/lib/libstdc++.6.dylib
0x000000010dba3000 	/Applications/Android Studio.app/Contents/jre/jdk/Contents/Home/jre/lib/libverify.dylib
0x000000010dbaf000 	/Applications/Android Studio.app/Contents/jre/jdk/Contents/Home/jre/lib/libjava.dylib
0x000000010dbed000 	/Applications/Android Studio.app/Contents/jre/jdk/Contents/Home/jre/lib/libzip.dylib
0x0000000114b97000 	/Applications/Android Studio.app/Contents/jre/jdk/Contents/Home/jre/lib/libnet.dylib
0x0000000114bf6000 	/Applications/Android Studio.app/Contents/jre/jdk/Contents/Home/jre/lib/libnio.dylib
0x0000000114cd9000 	/Users/thuraya/.gradle/native/23/osx-amd64/libnative-platform.dylib
0x0000000115091000 	/Applications/Android Studio.app/Contents/jre/jdk/Contents/Home/jre/lib/libmanagement.dylib
0x0000000115da8000 	/Applications/Android Studio.app/Contents/jre/jdk/Contents/Home/jre/lib/libsunec.dylib

VM Arguments:
jvm_args: -Xmx1536m -Dfile.encoding=UTF-8 -Duser.country=GB -Duser.language=en -Duser.variant 
java_command: org.gradle.launcher.daemon.bootstrap.GradleDaemon 3.3
java_class_path (initial): /Users/thuraya/.gradle/wrapper/dists/gradle-3.3-all/55gk2rcmfc6p2dg9u9ohc3hw9/gradle-3.3/lib/gradle-launcher-3.3.jar
Launcher Type: SUN_STANDARD

Environment Variables:
PATH=/usr/bin:/bin:/usr/sbin:/sbin
SHELL=/bin/bash

Signal Handlers:
SIGSEGV: [libjvm.dylib+0x570b99], sa_mask[0]=11111111011111110111111111111111, sa_flags=SA_ONSTACK|SA_RESTART|SA_SIGINFO
SIGBUS: [libjvm.dylib+0x570b99], sa_mask[0]=11111111011111110111111111111111, sa_flags=SA_RESTART|SA_SIGINFO
SIGFPE: [libjvm.dylib+0x461f7d], sa_mask[0]=11111111011111110111111111111111, sa_flags=SA_RESTART|SA_SIGINFO
SIGPIPE: [libjvm.dylib+0x461f7d], sa_mask[0]=11111111011111110111111111111111, sa_flags=SA_RESTART|SA_SIGINFO
SIGXFSZ: [libjvm.dylib+0x461f7d], sa_mask[0]=11111111011111110111111111111111, sa_flags=SA_RESTART|SA_SIGINFO
SIGILL: [libjvm.dylib+0x461f7d], sa_mask[0]=11111111011111110111111111111111, sa_flags=SA_RESTART|SA_SIGINFO
SIGUSR1: SIG_DFL, sa_mask[0]=00000000000000000000000000000000, sa_flags=none
SIGUSR2: [libjvm.dylib+0x46288e], sa_mask[0]=00100000000000000000000000000000, sa_flags=SA_RESTART|SA_SIGINFO
SIGHUP: [libjvm.dylib+0x460a77], sa_mask[0]=11111111011111110111111111111111, sa_flags=SA_RESTART|SA_SIGINFO
SIGINT: [libjvm.dylib+0x460a77], sa_mask[0]=11111111011111110111111111111111, sa_flags=SA_RESTART|SA_SIGINFO
SIGTERM: [libjvm.dylib+0x460a77], sa_mask[0]=11111111011111110111111111111111, sa_flags=SA_RESTART|SA_SIGINFO
SIGQUIT: [libjvm.dylib+0x460a77], sa_mask[0]=11111111011111110111111111111111, sa_flags=SA_RESTART|SA_SIGINFO


---------------  S Y S T E M  ---------------

OS:Bsduname:Darwin 18.2.0 Darwin Kernel Version 18.2.0: Fri Oct  5 19:41:49 PDT 2018; root:xnu-4903.221.2~2/RELEASE_X86_64 x86_64
rlimit: STACK 8192k, CORE 0k, NPROC 709, NOFILE 10240, AS infinity
load average:2.78 2.57 2.57

CPU:total 4 (initial active 4) (2 cores per cpu, 2 threads per core) family 6 model 61 stepping 4, cmov, cx8, fxsr, mmx, sse, sse2, sse3, ssse3, sse4.1, sse4.2, popcnt, avx, avx2, aes, clmul, erms, rtm, 3dnowpref, lzcnt, ht, tsc, tscinvbit, bmi1, bmi2, adx

Memory: 4k page, physical 8388608k(20792k free)

/proc/meminfo:


vm_info: OpenJDK 64-Bit Server VM (25.152-b06) for bsd-amd64 JRE (1.8.0_152-release-1136-b06), built by "builder" with gcc 4.2.1 Compatible Apple LLVM 9.1.0 (clang-902.0.39.2)

time: Sat Nov 10 14:10:10 2018
elapsed time: 16520 seconds (0d 4h 35m 20s)

